Coordinates of HETATOM
    O  -36.405   -2.567  -10.563
    O  -36.405   -2.567  -10.563
    O  -36.405   -2.567  -10.563
    O  -36.405   -2.567  -10.563
    O  -36.405   -2.567  -10.563
    O  -36.405   -2.567  -10.563
    O  -36.405   -2.567  -10.563
    O  -36.405   -2.567  -10.563
    O  -36.405   -2.567  -10.563
    O  -36.405   -2.567  -10.563
    O  -36.405   -2.567  -10.563
    O  -36.405   -2.567  -10.563
    O  -36.405   -2.567  -10.563
    O  -36.405   -2.567  -10.563
    O  -36.405   -2.567  -10.563
    O  -36.405   -2.567  -10.563
    O  -36.405   -2.567  -10.563
    O  -36.405   -2.567  -10.563
    O  -36.405   -2.567  -10.563
    O  -36.405   -2.567  -10.563
    O  -36.405   -2.567  -10.563
    O  -36.405   -2.567  -10.563
    O  -36.405   -2.567  -10.563
    O  -36.405   -2.567  -10.563
    O  -36.405   -2.567  -10.563
    O  -36.405   -2.567  -10.563
    O  -36.405   -2.567  -10.563
    O  -36.405   -2.567  -10.563
    O  -36.405   -2.567  -10.563
    O  -36.405   -2.567  -10.563
    O  -36.405   -2.567  -10.563
    O  -36.405   -2.567  -10.563
    O  -36.405   -2.567  -10.563
    O  -36.405   -2.567  -10.563
    O  -36.405   -2.567  -10.563
    O  -36.405   -2.567  -10.563
    O  -36.405   -2.567  -10.563
    O  -36.405   -2.567  -10.563
    O  -36.405   -2.567  -10.563
    O  -36.405   -2.567  -10.563
    O  -36.405   -2.567  -10.563
    O  -36.405   -2.567  -10.563
    O  -36.405   -2.567  -10.563
    O  -36.405   -2.567  -10.563
    O  -36.405   -2.567  -10.563
    O  -36.405   -2.567  -10.563
    O  -36.405   -2.567  -10.563
    O  -36.405   -2.567  -10.563
    O  -36.405   -2.567  -10.563
    O  -36.405   -2.567  -10.563
    O  -36.405   -2.567  -10.563
    O  -36.405   -2.567  -10.563
    O  -36.405   -2.567  -10.563
    O  -36.405   -2.567  -10.563
    O  -36.405   -2.567  -10.563
    O  -36.405   -2.567  -10.563
    O  -36.405   -2.567  -10.563
    O  -36.405   -2.567  -10.563
    O  -36.405   -2.567  -10.563
    O  -36.405   -2.567  -10.563
    O  -36.405   -2.567  -10.563
    O  -36.405   -2.567  -10.563
    O  -36.405   -2.567  -10.563
    O  -36.405   -2.567  -10.563
    O  -36.405   -2.567  -10.563
    O  -36.405   -2.567  -10.563
    O  -36.405   -2.567  -10.563
    O  -36.405   -2.567  -10.563
    O  -36.405   -2.567  -10.563
    O  -36.405   -2.567  -10.563
    O  -36.405   -2.567  -10.563
    O  -36.405   -2.567  -10.563
    O  -36.405   -2.567  -10.563
    O  -36.405   -2.567  -10.563
    O  -36.405   -2.567  -10.563
    O  -36.405   -2.567  -10.563
    O  -36.405   -2.567  -10.563
    O  -36.405   -2.567  -10.563
    O  -36.405   -2.567  -10.563
    O  -36.405   -2.567  -10.563
    O  -36.405   -2.567  -10.563
    O  -36.405   -2.567  -10.563
    O  -36.405   -2.567  -10.563
    O  -36.405   -2.567  -10.563
    O  -36.405   -2.567  -10.563
    O  -36.405   -2.567  -10.563
    O  -36.405   -2.567  -10.563
    O  -36.405   -2.567  -10.563
    O  -36.405   -2.567  -10.563
    O  -36.405   -2.567  -10.563
    O  -36.405   -2.567  -10.563
    O  -36.405   -2.567  -10.563
